\BOOKMARK [0][-]{chapter.1}{\376\377\0001\000\040\000L\000.\000E\000I\000C\000\040\000S\000c\000h\000e\000d\000u\000l\000e\000s\000\040\000M\000a\000n\000a\000g\000e\000m\000e\000n\000t\000\040\000S\000y\000s\000t\000e\000m}{}% 1
\BOOKMARK [1][-]{section.1.1}{\376\377\0001\000.\0001\000\040\000P\000r\000o\000j\000e\000c\000t\000\040\000D\000e\000s\000c\000r\000i\000p\000t\000i\000o\000n}{chapter.1}% 2
\BOOKMARK [1][-]{section.1.2}{\376\377\0001\000.\0002\000\040\000D\000a\000t\000a\000s\000e\000t}{chapter.1}% 3
\BOOKMARK [1][-]{section.1.3}{\376\377\0001\000.\0003\000\040\000C\000l\000a\000s\000s\000e\000s}{chapter.1}% 4
\BOOKMARK [2][-]{subsection.1.3.1}{\376\377\0001\000.\0003\000.\0001\000\040\000U\000c\000\040\000C\000l\000a\000s\000s}{section.1.3}% 5
\BOOKMARK [2][-]{subsection.1.3.2}{\376\377\0001\000.\0003\000.\0002\000\040\000S\000t\000u\000d\000e\000n\000t\000\040\000C\000l\000a\000s\000s}{section.1.3}% 6
\BOOKMARK [2][-]{subsection.1.3.3}{\376\377\0001\000.\0003\000.\0003\000\040\000L\000e\000c\000t\000u\000r\000e\000\040\000C\000l\000a\000s\000s}{section.1.3}% 7
\BOOKMARK [2][-]{subsection.1.3.4}{\376\377\0001\000.\0003\000.\0004\000\040\000S\000c\000r\000i\000p\000t\000\040\000C\000l\000a\000s\000s}{section.1.3}% 8
\BOOKMARK [2][-]{subsection.1.3.5}{\376\377\0001\000.\0003\000.\0005\000\040\000R\000e\000q\000u\000e\000s\000t\000\040\000C\000l\000a\000s\000s}{section.1.3}% 9
\BOOKMARK [1][-]{section.1.4}{\376\377\0001\000.\0004\000\040\000R\000e\000s\000u\000l\000t\000s}{chapter.1}% 10
\BOOKMARK [2][-]{subsection.1.4.1}{\376\377\0001\000.\0004\000.\0001\000\040\000T\000o\000\040\000r\000u\000n\000\040\000t\000h\000e\000\040\000p\000r\000o\000j\000e\000c\000t\000,\000\040\000r\000u\000n\000\040\000t\000h\000e\000\040\000f\000o\000l\000l\000o\000w\000i\000n\000g\000\040\000c\000o\000m\000m\000a\000n\000d\000s\000:}{section.1.4}% 11
\BOOKMARK [3][-]{subsubsection.1.4.1.1}{\376\377\0001\000.\0004\000.\0001\000.\0001\000\040\000A\000l\000l\000\040\000d\000o\000c\000u\000m\000e\000n\000t\000a\000t\000i\000o\000n\000\040\000c\000a\000n\000\040\000b\000e\000\040\000f\000o\000u\000n\000d\000\040\000i\000n\000s\000i\000d\000e\000\040\000t\000h\000e\000\040\000d\000o\000c\000s\000\040\000f\000o\000l\000d\000e\000r}{subsection.1.4.1}% 12
\BOOKMARK [2][-]{subsection.1.4.2}{\376\377\0001\000.\0004\000.\0002\000\040\000A\000u\000t\000h\000o\000r\000s}{section.1.4}% 13
\BOOKMARK [0][-]{chapter.2}{\376\377\0002\000\040\000C\000l\000a\000s\000s\000\040\000I\000n\000d\000e\000x}{}% 14
\BOOKMARK [1][-]{section.2.1}{\376\377\0002\000.\0001\000\040\000C\000l\000a\000s\000s\000\040\000L\000i\000s\000t}{chapter.2}% 15
\BOOKMARK [0][-]{chapter.3}{\376\377\0003\000\040\000F\000i\000l\000e\000\040\000I\000n\000d\000e\000x}{}% 16
\BOOKMARK [1][-]{section.3.1}{\376\377\0003\000.\0001\000\040\000F\000i\000l\000e\000\040\000L\000i\000s\000t}{chapter.3}% 17
\BOOKMARK [0][-]{chapter.4}{\376\377\0004\000\040\000C\000l\000a\000s\000s\000\040\000D\000o\000c\000u\000m\000e\000n\000t\000a\000t\000i\000o\000n}{}% 18
\BOOKMARK [1][-]{section.4.1}{\376\377\0004\000.\0001\000\040\000S\000t\000u\000d\000e\000n\000t\000:\000:\000H\000a\000s\000h\000\040\000S\000t\000r\000u\000c\000t\000\040\000R\000e\000f\000e\000r\000e\000n\000c\000e}{chapter.4}% 19
\BOOKMARK [2][-]{subsection.4.1.1}{\376\377\0004\000.\0001\000.\0001\000\040\000D\000e\000t\000a\000i\000l\000e\000d\000\040\000D\000e\000s\000c\000r\000i\000p\000t\000i\000o\000n}{section.4.1}% 20
\BOOKMARK [2][-]{subsection.4.1.2}{\376\377\0004\000.\0001\000.\0002\000\040\000M\000e\000m\000b\000e\000r\000\040\000F\000u\000n\000c\000t\000i\000o\000n\000\040\000D\000o\000c\000u\000m\000e\000n\000t\000a\000t\000i\000o\000n}{section.4.1}% 21
\BOOKMARK [3][-]{subsubsection.4.1.2.1}{\376\377\0004\000.\0001\000.\0002\000.\0001\000\040\000o\000p\000e\000r\000a\000t\000o\000r\000\050\000\051\000\050\000\051}{subsection.4.1.2}% 22
\BOOKMARK [1][-]{section.4.2}{\376\377\0004\000.\0002\000\040\000L\000e\000c\000t\000u\000r\000e\000\040\000C\000l\000a\000s\000s\000\040\000R\000e\000f\000e\000r\000e\000n\000c\000e}{chapter.4}% 23
\BOOKMARK [2][-]{subsection.4.2.1}{\376\377\0004\000.\0002\000.\0001\000\040\000D\000e\000t\000a\000i\000l\000e\000d\000\040\000D\000e\000s\000c\000r\000i\000p\000t\000i\000o\000n}{section.4.2}% 24
\BOOKMARK [2][-]{subsection.4.2.2}{\376\377\0004\000.\0002\000.\0002\000\040\000C\000o\000n\000s\000t\000r\000u\000c\000t\000o\000r\000\040\000\046\000\040\000D\000e\000s\000t\000r\000u\000c\000t\000o\000r\000\040\000D\000o\000c\000u\000m\000e\000n\000t\000a\000t\000i\000o\000n}{section.4.2}% 25
\BOOKMARK [3][-]{subsubsection.4.2.2.1}{\376\377\0004\000.\0002\000.\0002\000.\0001\000\040\000L\000e\000c\000t\000u\000r\000e\000\050\000\051\000\040\000[\0001\000/\0002\000]}{subsection.4.2.2}% 26
\BOOKMARK [3][-]{subsubsection.4.2.2.2}{\376\377\0004\000.\0002\000.\0002\000.\0002\000\040\000L\000e\000c\000t\000u\000r\000e\000\050\000\051\000\040\000[\0002\000/\0002\000]}{subsection.4.2.2}% 27
\BOOKMARK [2][-]{subsection.4.2.3}{\376\377\0004\000.\0002\000.\0003\000\040\000M\000e\000m\000b\000e\000r\000\040\000F\000u\000n\000c\000t\000i\000o\000n\000\040\000D\000o\000c\000u\000m\000e\000n\000t\000a\000t\000i\000o\000n}{section.4.2}% 28
\BOOKMARK [3][-]{subsubsection.4.2.3.1}{\376\377\0004\000.\0002\000.\0003\000.\0001\000\040\000a\000d\000d\000S\000t\000u\000d\000e\000n\000t\000\050\000\051}{subsection.4.2.3}% 29
\BOOKMARK [3][-]{subsubsection.4.2.3.2}{\376\377\0004\000.\0002\000.\0003\000.\0002\000\040\000g\000e\000t\000C\000l\000a\000s\000s\000C\000o\000d\000e\000\050\000\051}{subsection.4.2.3}% 30
\BOOKMARK [3][-]{subsubsection.4.2.3.3}{\376\377\0004\000.\0002\000.\0003\000.\0003\000\040\000g\000e\000t\000D\000u\000r\000a\000t\000i\000o\000n\000\050\000\051}{subsection.4.2.3}% 31
\BOOKMARK [3][-]{subsubsection.4.2.3.4}{\376\377\0004\000.\0002\000.\0003\000.\0004\000\040\000g\000e\000t\000S\000t\000a\000r\000t\000H\000o\000u\000r\000\050\000\051}{subsection.4.2.3}% 32
\BOOKMARK [3][-]{subsubsection.4.2.3.5}{\376\377\0004\000.\0002\000.\0003\000.\0005\000\040\000g\000e\000t\000S\000t\000u\000d\000e\000n\000t\000s\000\050\000\051}{subsection.4.2.3}% 33
\BOOKMARK [3][-]{subsubsection.4.2.3.6}{\376\377\0004\000.\0002\000.\0003\000.\0006\000\040\000g\000e\000t\000T\000y\000p\000e\000\050\000\051}{subsection.4.2.3}% 34
\BOOKMARK [3][-]{subsubsection.4.2.3.7}{\376\377\0004\000.\0002\000.\0003\000.\0007\000\040\000g\000e\000t\000U\000c\000\050\000\051}{subsection.4.2.3}% 35
\BOOKMARK [3][-]{subsubsection.4.2.3.8}{\376\377\0004\000.\0002\000.\0003\000.\0008\000\040\000g\000e\000t\000W\000e\000e\000k\000D\000a\000y\000\050\000\051}{subsection.4.2.3}% 36
\BOOKMARK [3][-]{subsubsection.4.2.3.9}{\376\377\0004\000.\0002\000.\0003\000.\0009\000\040\000o\000p\000e\000r\000a\000t\000o\000r\000<\000\050\000\051}{subsection.4.2.3}% 37
\BOOKMARK [3][-]{subsubsection.4.2.3.10}{\376\377\0004\000.\0002\000.\0003\000.\0001\0000\000\040\000o\000p\000e\000r\000a\000t\000o\000r\000=\000=\000\050\000\051}{subsection.4.2.3}% 38
\BOOKMARK [3][-]{subsubsection.4.2.3.11}{\376\377\0004\000.\0002\000.\0003\000.\0001\0001\000\040\000o\000v\000e\000r\000l\000a\000y\000\050\000\051}{subsection.4.2.3}% 39
\BOOKMARK [3][-]{subsubsection.4.2.3.12}{\376\377\0004\000.\0002\000.\0003\000.\0001\0002\000\040\000r\000e\000m\000o\000v\000e\000S\000t\000u\000d\000e\000n\000t\000\050\000\051}{subsection.4.2.3}% 40
\BOOKMARK [3][-]{subsubsection.4.2.3.13}{\376\377\0004\000.\0002\000.\0003\000.\0001\0003\000\040\000s\000e\000t\000D\000u\000r\000a\000t\000i\000o\000n\000\050\000\051}{subsection.4.2.3}% 41
\BOOKMARK [3][-]{subsubsection.4.2.3.14}{\376\377\0004\000.\0002\000.\0003\000.\0001\0004\000\040\000s\000e\000t\000S\000t\000a\000r\000t\000H\000o\000u\000r\000\050\000\051}{subsection.4.2.3}% 42
\BOOKMARK [3][-]{subsubsection.4.2.3.15}{\376\377\0004\000.\0002\000.\0003\000.\0001\0005\000\040\000s\000e\000t\000T\000y\000p\000e\000\050\000\051}{subsection.4.2.3}% 43
\BOOKMARK [3][-]{subsubsection.4.2.3.16}{\376\377\0004\000.\0002\000.\0003\000.\0001\0006\000\040\000s\000e\000t\000U\000c\000\050\000\051}{subsection.4.2.3}% 44
\BOOKMARK [3][-]{subsubsection.4.2.3.17}{\376\377\0004\000.\0002\000.\0003\000.\0001\0007\000\040\000s\000e\000t\000W\000e\000e\000k\000D\000a\000y\000\050\000\051}{subsection.4.2.3}% 45
\BOOKMARK [2][-]{subsection.4.2.4}{\376\377\0004\000.\0002\000.\0004\000\040\000M\000e\000m\000b\000e\000r\000\040\000D\000a\000t\000a\000\040\000D\000o\000c\000u\000m\000e\000n\000t\000a\000t\000i\000o\000n}{section.4.2}% 46
\BOOKMARK [3][-]{subsubsection.4.2.4.1}{\376\377\0004\000.\0002\000.\0004\000.\0001\000\040\000c\000l\000a\000s\000s\000C\000o\000d\000e}{subsection.4.2.4}% 47
\BOOKMARK [3][-]{subsubsection.4.2.4.2}{\376\377\0004\000.\0002\000.\0004\000.\0002\000\040\000d\000u\000r\000a\000t\000i\000o\000n}{subsection.4.2.4}% 48
\BOOKMARK [3][-]{subsubsection.4.2.4.3}{\376\377\0004\000.\0002\000.\0004\000.\0003\000\040\000s\000t\000a\000r\000t\000H\000o\000u\000r}{subsection.4.2.4}% 49
\BOOKMARK [3][-]{subsubsection.4.2.4.4}{\376\377\0004\000.\0002\000.\0004\000.\0004\000\040\000s\000t\000u\000d\000e\000n\000t\000s}{subsection.4.2.4}% 50
\BOOKMARK [3][-]{subsubsection.4.2.4.5}{\376\377\0004\000.\0002\000.\0004\000.\0005\000\040\000t\000y\000p\000e}{subsection.4.2.4}% 51
\BOOKMARK [3][-]{subsubsection.4.2.4.6}{\376\377\0004\000.\0002\000.\0004\000.\0006\000\040\000u\000c}{subsection.4.2.4}% 52
\BOOKMARK [3][-]{subsubsection.4.2.4.7}{\376\377\0004\000.\0002\000.\0004\000.\0007\000\040\000w\000e\000e\000k\000D\000a\000y}{subsection.4.2.4}% 53
\BOOKMARK [1][-]{section.4.3}{\376\377\0004\000.\0003\000\040\000R\000e\000q\000u\000e\000s\000t\000\040\000C\000l\000a\000s\000s\000\040\000R\000e\000f\000e\000r\000e\000n\000c\000e}{chapter.4}% 54
\BOOKMARK [2][-]{subsection.4.3.1}{\376\377\0004\000.\0003\000.\0001\000\040\000D\000e\000t\000a\000i\000l\000e\000d\000\040\000D\000e\000s\000c\000r\000i\000p\000t\000i\000o\000n}{section.4.3}% 55
\BOOKMARK [2][-]{subsection.4.3.2}{\376\377\0004\000.\0003\000.\0002\000\040\000C\000o\000n\000s\000t\000r\000u\000c\000t\000o\000r\000\040\000\046\000\040\000D\000e\000s\000t\000r\000u\000c\000t\000o\000r\000\040\000D\000o\000c\000u\000m\000e\000n\000t\000a\000t\000i\000o\000n}{section.4.3}% 56
\BOOKMARK [3][-]{subsubsection.4.3.2.1}{\376\377\0004\000.\0003\000.\0002\000.\0001\000\040\000R\000e\000q\000u\000e\000s\000t\000\050\000\051\000\040\000[\0001\000/\0002\000]}{subsection.4.3.2}% 57
\BOOKMARK [3][-]{subsubsection.4.3.2.2}{\376\377\0004\000.\0003\000.\0002\000.\0002\000\040\000R\000e\000q\000u\000e\000s\000t\000\050\000\051\000\040\000[\0002\000/\0002\000]}{subsection.4.3.2}% 58
\BOOKMARK [2][-]{subsection.4.3.3}{\376\377\0004\000.\0003\000.\0003\000\040\000M\000e\000m\000b\000e\000r\000\040\000F\000u\000n\000c\000t\000i\000o\000n\000\040\000D\000o\000c\000u\000m\000e\000n\000t\000a\000t\000i\000o\000n}{section.4.3}% 59
\BOOKMARK [3][-]{subsubsection.4.3.3.1}{\376\377\0004\000.\0003\000.\0003\000.\0001\000\040\000a\000d\000d\000U\000c\000\050\000\051}{subsection.4.3.3}% 60
\BOOKMARK [3][-]{subsubsection.4.3.3.2}{\376\377\0004\000.\0003\000.\0003\000.\0002\000\040\000a\000d\000m\000i\000n\000R\000e\000q\000u\000e\000s\000t\000s\000\050\000\051}{subsection.4.3.3}% 61
\BOOKMARK [3][-]{subsubsection.4.3.3.3}{\376\377\0004\000.\0003\000.\0003\000.\0003\000\040\000c\000l\000a\000s\000s\000e\000s\000C\000h\000e\000c\000k\000\050\000\051}{subsection.4.3.3}% 62
\BOOKMARK [3][-]{subsubsection.4.3.3.4}{\376\377\0004\000.\0003\000.\0003\000.\0004\000\040\000r\000e\000m\000o\000v\000e\000U\000c\000\050\000\051}{subsection.4.3.3}% 63
\BOOKMARK [3][-]{subsubsection.4.3.3.5}{\376\377\0004\000.\0003\000.\0003\000.\0005\000\040\000s\000t\000u\000d\000e\000n\000t\000R\000e\000q\000u\000e\000s\000t\000s\000\050\000\051}{subsection.4.3.3}% 64
\BOOKMARK [3][-]{subsubsection.4.3.3.6}{\376\377\0004\000.\0003\000.\0003\000.\0006\000\040\000s\000w\000i\000t\000c\000h\000C\000l\000a\000s\000s\000\050\000\051}{subsection.4.3.3}% 65
\BOOKMARK [3][-]{subsubsection.4.3.3.7}{\376\377\0004\000.\0003\000.\0003\000.\0007\000\040\000s\000w\000i\000t\000c\000h\000U\000c\000\050\000\051}{subsection.4.3.3}% 66
\BOOKMARK [3][-]{subsubsection.4.3.3.8}{\376\377\0004\000.\0003\000.\0003\000.\0008\000\040\000u\000n\000d\000o\000R\000e\000q\000u\000e\000s\000t\000\050\000\051}{subsection.4.3.3}% 67
\BOOKMARK [2][-]{subsection.4.3.4}{\376\377\0004\000.\0003\000.\0004\000\040\000M\000e\000m\000b\000e\000r\000\040\000D\000a\000t\000a\000\040\000D\000o\000c\000u\000m\000e\000n\000t\000a\000t\000i\000o\000n}{section.4.3}% 68
\BOOKMARK [3][-]{subsubsection.4.3.4.1}{\376\377\0004\000.\0003\000.\0004\000.\0001\000\040\000f\000l\000a\000g}{subsection.4.3.4}% 69
\BOOKMARK [3][-]{subsubsection.4.3.4.2}{\376\377\0004\000.\0003\000.\0004\000.\0002\000\040\000i\000d}{subsection.4.3.4}% 70
\BOOKMARK [3][-]{subsubsection.4.3.4.3}{\376\377\0004\000.\0003\000.\0004\000.\0003\000\040\000s\000t\000u\000d\000e\000n\000t\000C\000o\000d\000e}{subsection.4.3.4}% 71
\BOOKMARK [3][-]{subsubsection.4.3.4.4}{\376\377\0004\000.\0003\000.\0004\000.\0004\000\040\000t\000y\000p\000e}{subsection.4.3.4}% 72
\BOOKMARK [1][-]{section.4.4}{\376\377\0004\000.\0004\000\040\000S\000c\000r\000i\000p\000t\000\040\000C\000l\000a\000s\000s\000\040\000R\000e\000f\000e\000r\000e\000n\000c\000e}{chapter.4}% 73
\BOOKMARK [2][-]{subsection.4.4.1}{\376\377\0004\000.\0004\000.\0001\000\040\000D\000e\000t\000a\000i\000l\000e\000d\000\040\000D\000e\000s\000c\000r\000i\000p\000t\000i\000o\000n}{section.4.4}% 74
\BOOKMARK [2][-]{subsection.4.4.2}{\376\377\0004\000.\0004\000.\0002\000\040\000M\000e\000m\000b\000e\000r\000\040\000F\000u\000n\000c\000t\000i\000o\000n\000\040\000D\000o\000c\000u\000m\000e\000n\000t\000a\000t\000i\000o\000n}{section.4.4}% 75
\BOOKMARK [3][-]{subsubsection.4.4.2.1}{\376\377\0004\000.\0004\000.\0002\000.\0001\000\040\000g\000e\000t\000S\000c\000h\000e\000d\000u\000l\000e\000\050\000\051}{subsection.4.4.2}% 76
\BOOKMARK [3][-]{subsubsection.4.4.2.2}{\376\377\0004\000.\0004\000.\0002\000.\0002\000\040\000l\000o\000a\000d\000C\000l\000a\000s\000s\000e\000s\000\050\000\051}{subsection.4.4.2}% 77
\BOOKMARK [3][-]{subsubsection.4.4.2.3}{\376\377\0004\000.\0004\000.\0002\000.\0003\000\040\000l\000o\000a\000d\000L\000e\000c\000t\000u\000r\000e\000\050\000\051}{subsection.4.4.2}% 78
\BOOKMARK [3][-]{subsubsection.4.4.2.4}{\376\377\0004\000.\0004\000.\0002\000.\0004\000\040\000l\000o\000a\000d\000S\000t\000u\000d\000e\000n\000t\000\050\000\051}{subsection.4.4.2}% 79
\BOOKMARK [3][-]{subsubsection.4.4.2.5}{\376\377\0004\000.\0004\000.\0002\000.\0005\000\040\000s\000t\000u\000d\000e\000n\000t\000s\000i\000n\000C\000l\000a\000s\000s\000\050\000\051}{subsection.4.4.2}% 80
\BOOKMARK [3][-]{subsubsection.4.4.2.6}{\376\377\0004\000.\0004\000.\0002\000.\0006\000\040\000s\000t\000u\000d\000e\000n\000t\000s\000I\000n\000L\000e\000c\000t\000u\000r\000e\000\050\000\051}{subsection.4.4.2}% 81
\BOOKMARK [3][-]{subsubsection.4.4.2.7}{\376\377\0004\000.\0004\000.\0002\000.\0007\000\040\000s\000t\000u\000d\000e\000n\000t\000s\000I\000n\000N\000U\000c\000\050\000\051}{subsection.4.4.2}% 82
\BOOKMARK [3][-]{subsubsection.4.4.2.8}{\376\377\0004\000.\0004\000.\0002\000.\0008\000\040\000s\000t\000u\000d\000e\000n\000t\000s\000i\000n\000U\000c\000\050\000\051}{subsection.4.4.2}% 83
\BOOKMARK [3][-]{subsubsection.4.4.2.9}{\376\377\0004\000.\0004\000.\0002\000.\0009\000\040\000s\000t\000u\000d\000e\000n\000t\000s\000I\000n\000Y\000e\000a\000r\000\050\000\051}{subsection.4.4.2}% 84
\BOOKMARK [3][-]{subsubsection.4.4.2.10}{\376\377\0004\000.\0004\000.\0002\000.\0001\0000\000\040\000u\000c\000s\000W\000i\000t\000h\000M\000o\000s\000t\000S\000t\000u\000d\000e\000n\000t\000s\000\050\000\051}{subsection.4.4.2}% 85
\BOOKMARK [1][-]{section.4.5}{\376\377\0004\000.\0005\000\040\000S\000t\000u\000d\000e\000n\000t\000\040\000C\000l\000a\000s\000s\000\040\000R\000e\000f\000e\000r\000e\000n\000c\000e}{chapter.4}% 86
\BOOKMARK [2][-]{subsection.4.5.1}{\376\377\0004\000.\0005\000.\0001\000\040\000D\000e\000t\000a\000i\000l\000e\000d\000\040\000D\000e\000s\000c\000r\000i\000p\000t\000i\000o\000n}{section.4.5}% 87
\BOOKMARK [2][-]{subsection.4.5.2}{\376\377\0004\000.\0005\000.\0002\000\040\000C\000o\000n\000s\000t\000r\000u\000c\000t\000o\000r\000\040\000\046\000\040\000D\000e\000s\000t\000r\000u\000c\000t\000o\000r\000\040\000D\000o\000c\000u\000m\000e\000n\000t\000a\000t\000i\000o\000n}{section.4.5}% 88
\BOOKMARK [3][-]{subsubsection.4.5.2.1}{\376\377\0004\000.\0005\000.\0002\000.\0001\000\040\000S\000t\000u\000d\000e\000n\000t\000\050\000\051\000\040\000[\0001\000/\0003\000]}{subsection.4.5.2}% 89
\BOOKMARK [3][-]{subsubsection.4.5.2.2}{\376\377\0004\000.\0005\000.\0002\000.\0002\000\040\000S\000t\000u\000d\000e\000n\000t\000\050\000\051\000\040\000[\0002\000/\0003\000]}{subsection.4.5.2}% 90
\BOOKMARK [3][-]{subsubsection.4.5.2.3}{\376\377\0004\000.\0005\000.\0002\000.\0003\000\040\000S\000t\000u\000d\000e\000n\000t\000\050\000\051\000\040\000[\0003\000/\0003\000]}{subsection.4.5.2}% 91
\BOOKMARK [2][-]{subsection.4.5.3}{\376\377\0004\000.\0005\000.\0003\000\040\000M\000e\000m\000b\000e\000r\000\040\000F\000u\000n\000c\000t\000i\000o\000n\000\040\000D\000o\000c\000u\000m\000e\000n\000t\000a\000t\000i\000o\000n}{section.4.5}% 92
\BOOKMARK [3][-]{subsubsection.4.5.3.1}{\376\377\0004\000.\0005\000.\0003\000.\0001\000\040\000a\000d\000d\000C\000l\000a\000s\000s\000\050\000\051}{subsection.4.5.3}% 93
\BOOKMARK [3][-]{subsubsection.4.5.3.2}{\376\377\0004\000.\0005\000.\0003\000.\0002\000\040\000g\000e\000t\000S\000c\000h\000e\000d\000u\000l\000e\000\050\000\051}{subsection.4.5.3}% 94
\BOOKMARK [3][-]{subsubsection.4.5.3.3}{\376\377\0004\000.\0005\000.\0003\000.\0003\000\040\000g\000e\000t\000s\000t\000u\000d\000e\000n\000t\000C\000o\000d\000e\000\050\000\051}{subsection.4.5.3}% 95
\BOOKMARK [3][-]{subsubsection.4.5.3.4}{\376\377\0004\000.\0005\000.\0003\000.\0004\000\040\000g\000e\000t\000s\000t\000u\000d\000e\000n\000t\000N\000a\000m\000e\000\050\000\051}{subsection.4.5.3}% 96
\BOOKMARK [3][-]{subsubsection.4.5.3.5}{\376\377\0004\000.\0005\000.\0003\000.\0005\000\040\000i\000n\000C\000l\000a\000s\000s\000\050\000\051}{subsection.4.5.3}% 97
\BOOKMARK [3][-]{subsubsection.4.5.3.6}{\376\377\0004\000.\0005\000.\0003\000.\0006\000\040\000o\000p\000e\000r\000a\000t\000o\000r\000=\000=\000\050\000\051}{subsection.4.5.3}% 98
\BOOKMARK [3][-]{subsubsection.4.5.3.7}{\376\377\0004\000.\0005\000.\0003\000.\0007\000\040\000s\000e\000t\000s\000t\000u\000d\000e\000n\000t\000C\000o\000d\000e\000\050\000\051}{subsection.4.5.3}% 99
\BOOKMARK [3][-]{subsubsection.4.5.3.8}{\376\377\0004\000.\0005\000.\0003\000.\0008\000\040\000s\000e\000t\000s\000t\000u\000d\000e\000n\000t\000N\000a\000m\000e\000\050\000\051}{subsection.4.5.3}% 100
\BOOKMARK [2][-]{subsection.4.5.4}{\376\377\0004\000.\0005\000.\0004\000\040\000M\000e\000m\000b\000e\000r\000\040\000D\000a\000t\000a\000\040\000D\000o\000c\000u\000m\000e\000n\000t\000a\000t\000i\000o\000n}{section.4.5}% 101
\BOOKMARK [3][-]{subsubsection.4.5.4.1}{\376\377\0004\000.\0005\000.\0004\000.\0001\000\040\000s\000c\000h\000e\000d\000u\000l\000e}{subsection.4.5.4}% 102
\BOOKMARK [3][-]{subsubsection.4.5.4.2}{\376\377\0004\000.\0005\000.\0004\000.\0002\000\040\000s\000t\000u\000d\000e\000n\000t\000C\000o\000d\000e}{subsection.4.5.4}% 103
\BOOKMARK [3][-]{subsubsection.4.5.4.3}{\376\377\0004\000.\0005\000.\0004\000.\0003\000\040\000s\000t\000u\000d\000e\000n\000t\000N\000a\000m\000e}{subsection.4.5.4}% 104
\BOOKMARK [1][-]{section.4.6}{\376\377\0004\000.\0006\000\040\000U\000c\000\040\000C\000l\000a\000s\000s\000\040\000R\000e\000f\000e\000r\000e\000n\000c\000e}{chapter.4}% 105
\BOOKMARK [2][-]{subsection.4.6.1}{\376\377\0004\000.\0006\000.\0001\000\040\000D\000e\000t\000a\000i\000l\000e\000d\000\040\000D\000e\000s\000c\000r\000i\000p\000t\000i\000o\000n}{section.4.6}% 106
\BOOKMARK [2][-]{subsection.4.6.2}{\376\377\0004\000.\0006\000.\0002\000\040\000C\000o\000n\000s\000t\000r\000u\000c\000t\000o\000r\000\040\000\046\000\040\000D\000e\000s\000t\000r\000u\000c\000t\000o\000r\000\040\000D\000o\000c\000u\000m\000e\000n\000t\000a\000t\000i\000o\000n}{section.4.6}% 107
\BOOKMARK [3][-]{subsubsection.4.6.2.1}{\376\377\0004\000.\0006\000.\0002\000.\0001\000\040\000U\000c\000\050\000\051\000\040\000[\0001\000/\0002\000]}{subsection.4.6.2}% 108
\BOOKMARK [3][-]{subsubsection.4.6.2.2}{\376\377\0004\000.\0006\000.\0002\000.\0002\000\040\000U\000c\000\050\000\051\000\040\000[\0002\000/\0002\000]}{subsection.4.6.2}% 109
\BOOKMARK [2][-]{subsection.4.6.3}{\376\377\0004\000.\0006\000.\0003\000\040\000M\000e\000m\000b\000e\000r\000\040\000F\000u\000n\000c\000t\000i\000o\000n\000\040\000D\000o\000c\000u\000m\000e\000n\000t\000a\000t\000i\000o\000n}{section.4.6}% 110
\BOOKMARK [3][-]{subsubsection.4.6.3.1}{\376\377\0004\000.\0006\000.\0003\000.\0001\000\040\000a\000d\000d\000C\000l\000a\000s\000s\000\050\000\051}{subsection.4.6.3}% 111
\BOOKMARK [3][-]{subsubsection.4.6.3.2}{\376\377\0004\000.\0006\000.\0003\000.\0002\000\040\000c\000l\000a\000s\000s\000e\000s\000C\000o\000u\000n\000t\000\050\000\051}{subsection.4.6.3}% 112
\BOOKMARK [3][-]{subsubsection.4.6.3.3}{\376\377\0004\000.\0006\000.\0003\000.\0003\000\040\000g\000e\000t\000C\000l\000a\000s\000s\000e\000s\000\050\000\051}{subsection.4.6.3}% 113
\BOOKMARK [3][-]{subsubsection.4.6.3.4}{\376\377\0004\000.\0006\000.\0003\000.\0004\000\040\000g\000e\000t\000U\000c\000C\000o\000d\000e\000\050\000\051}{subsection.4.6.3}% 114
\BOOKMARK [3][-]{subsubsection.4.6.3.5}{\376\377\0004\000.\0006\000.\0003\000.\0005\000\040\000p\000r\000i\000n\000t\000C\000l\000a\000s\000s\000e\000s\000\050\000\051}{subsection.4.6.3}% 115
\BOOKMARK [3][-]{subsubsection.4.6.3.6}{\376\377\0004\000.\0006\000.\0003\000.\0006\000\040\000s\000e\000t\000U\000c\000C\000o\000d\000e\000\050\000\051}{subsection.4.6.3}% 116
\BOOKMARK [2][-]{subsection.4.6.4}{\376\377\0004\000.\0006\000.\0004\000\040\000M\000e\000m\000b\000e\000r\000\040\000D\000a\000t\000a\000\040\000D\000o\000c\000u\000m\000e\000n\000t\000a\000t\000i\000o\000n}{section.4.6}% 117
\BOOKMARK [3][-]{subsubsection.4.6.4.1}{\376\377\0004\000.\0006\000.\0004\000.\0001\000\040\000U\000c\000C\000l\000a\000s\000s\000e\000s}{subsection.4.6.4}% 118
\BOOKMARK [3][-]{subsubsection.4.6.4.2}{\376\377\0004\000.\0006\000.\0004\000.\0002\000\040\000U\000c\000C\000o\000d\000e}{subsection.4.6.4}% 119
\BOOKMARK [0][-]{chapter.5}{\376\377\0005\000\040\000F\000i\000l\000e\000\040\000D\000o\000c\000u\000m\000e\000n\000t\000a\000t\000i\000o\000n}{}% 120
\BOOKMARK [1][-]{section.5.1}{\376\377\0005\000.\0001\000\040\000L\000e\000c\000t\000u\000r\000e\000.\000h\000p\000p}{chapter.5}% 121
\BOOKMARK [1][-]{section.5.2}{\376\377\0005\000.\0002\000\040\000R\000e\000q\000u\000e\000s\000t\000.\000h\000p\000p}{chapter.5}% 122
\BOOKMARK [1][-]{section.5.3}{\376\377\0005\000.\0003\000\040\000S\000c\000r\000i\000p\000t\000.\000h\000p\000p}{chapter.5}% 123
\BOOKMARK [1][-]{section.5.4}{\376\377\0005\000.\0004\000\040\000S\000t\000u\000d\000e\000n\000t\000.\000h\000p\000p}{chapter.5}% 124
\BOOKMARK [1][-]{section.5.5}{\376\377\0005\000.\0005\000\040\000U\000c\000.\000h\000p\000p}{chapter.5}% 125
\BOOKMARK [1][-]{section.5.6}{\376\377\0005\000.\0006\000\040\000L\000e\000c\000t\000u\000r\000e\000.\000c\000p\000p}{chapter.5}% 126
\BOOKMARK [1][-]{section.5.7}{\376\377\0005\000.\0007\000\040\000m\000a\000i\000n\000.\000c\000p\000p}{chapter.5}% 127
\BOOKMARK [1][-]{section.5.8}{\376\377\0005\000.\0008\000\040\000R\000e\000q\000u\000e\000s\000t\000.\000c\000p\000p}{chapter.5}% 128
\BOOKMARK [1][-]{section.5.9}{\376\377\0005\000.\0009\000\040\000S\000c\000r\000i\000p\000t\000.\000c\000p\000p}{chapter.5}% 129
\BOOKMARK [1][-]{section.5.10}{\376\377\0005\000.\0001\0000\000\040\000S\000t\000u\000d\000e\000n\000t\000.\000c\000p\000p}{chapter.5}% 130
\BOOKMARK [1][-]{section.5.11}{\376\377\0005\000.\0001\0001\000\040\000U\000c\000.\000c\000p\000p}{chapter.5}% 131
\BOOKMARK [0][-]{section*.12}{\376\377\000I\000n\000d\000e\000x}{}% 132
